# JRE version: Java(TM) SE Runtime Environment (8.0_171-b11) (build 1.8.0_171-b11)
# Java VM: Java HotSpot(TM) Client VM (25.171-b11 mixed mode windows-x86 )
Heap:
 def new generation   total 39424K, used 27812K [0x04800000, 0x072c0000, 0x0f2a0000)
  eden space 35072K,  79% used [0x04800000, 0x06326990, 0x06a40000)
  from space 4352K,   0% used [0x06a40000, 0x06a429b8, 0x06e80000)
  to   space 4352K,   0% used [0x06e80000, 0x06e80000, 0x072c0000)
 tenured generation   total 87424K, used 39708K [0x0f2a0000, 0x14800000, 0x24800000)
   the space 87424K,  45% used [0x0f2a0000, 0x11967108, 0x11967200, 0x14800000)
 Metaspace       used 19814K, capacity 20337K, committed 20608K, reserved 20864K
GC Heap History (10 events):
Event: 11316.279 GC heap before
{Heap before GC invocations=1809 (full 2):
 def new generation   total 39424K, used 35074K [0x04800000, 0x072c0000, 0x0f2a0000)
  eden space 35072K, 100% used [0x04800000, 0x06a40000, 0x06a40000)
  from space 4352K,   0% used [0x06e80000, 0x06e809e0, 0x072c0000)
  to   space 4352K,   0% used [0x06a40000, 0x06a40000, 0x06e80000)
 tenured generation   total 87424K, used 39708K [0x0f2a0000, 0x14800000, 0x24800000)
   the space 87424K,  45% used [0x0f2a0000, 0x11967108, 0x11967200, 0x14800000)
 Metaspace       used 19813K, capacity 20337K, committed 20608K, reserved 20864K
Event: 11316.280 GC heap after
Heap after GC invocations=1810 (full 2):
 def new generation   total 39424K, used 2K [0x04800000, 0x072c0000, 0x0f2a0000)
  eden space 35072K,   0% used [0x04800000, 0x04800000, 0x06a40000)
  from space 4352K,   0% used [0x06a40000, 0x06a409f0, 0x06e80000)
  to   space 4352K,   0% used [0x06e80000, 0x06e80000, 0x072c0000)
 tenured generation   total 87424K, used 39708K [0x0f2a0000, 0x14800000, 0x24800000)
   the space 87424K,  45% used [0x0f2a0000, 0x11967108, 0x11967200, 0x14800000)
 Metaspace       used 19813K, capacity 20337K, committed 20608K, reserved 20864K
}
Event: 11321.368 GC heap before
{Heap before GC invocations=1810 (full 2):
 def new generation   total 39424K, used 35074K [0x04800000, 0x072c0000, 0x0f2a0000)
  eden space 35072K, 100% used [0x04800000, 0x06a40000, 0x06a40000)
  from space 4352K,   0% used [0x06a40000, 0x06a409f0, 0x06e80000)
  to   space 4352K,   0% used [0x06e80000, 0x06e80000, 0x072c0000)
 tenured generation   total 87424K, used 39708K [0x0f2a0000, 0x14800000, 0x24800000)
   the space 87424K,  45% used [0x0f2a0000, 0x11967108, 0x11967200, 0x14800000)
 Metaspace       used 19813K, capacity 20337K, committed 20608K, reserved 20864K
Event: 11321.369 GC heap after
Heap after GC invocations=1811 (full 2):
 def new generation   total 39424K, used 2K [0x04800000, 0x072c0000, 0x0f2a0000)
  eden space 35072K,   0% used [0x04800000, 0x04800000, 0x06a40000)
  from space 4352K,   0% used [0x06e80000, 0x06e80a30, 0x072c0000)
  to   space 4352K,   0% used [0x06a40000, 0x06a40000, 0x06e80000)
 tenured generation   total 87424K, used 39708K [0x0f2a0000, 0x14800000, 0x24800000)
   the space 87424K,  45% used [0x0f2a0000, 0x11967108, 0x11967200, 0x14800000)
 Metaspace       used 19813K, capacity 20337K, committed 20608K, reserved 20864K
}
Event: 11326.432 GC heap before
{Heap before GC invocations=1811 (full 2):
 def new generation   total 39424K, used 35074K [0x04800000, 0x072c0000, 0x0f2a0000)
  eden space 35072K, 100% used [0x04800000, 0x06a40000, 0x06a40000)
  from space 4352K,   0% used [0x06e80000, 0x06e80a30, 0x072c0000)
  to   space 4352K,   0% used [0x06a40000, 0x06a40000, 0x06e80000)
 tenured generation   total 87424K, used 39708K [0x0f2a0000, 0x14800000, 0x24800000)
   the space 87424K,  45% used [0x0f2a0000, 0x11967108, 0x11967200, 0x14800000)
 Metaspace       used 19813K, capacity 20337K, committed 20608K, reserved 20864K
Event: 11326.433 GC heap after
Heap after GC invocations=1812 (full 2):
 def new generation   total 39424K, used 2K [0x04800000, 0x072c0000, 0x0f2a0000)
  eden space 35072K,   0% used [0x04800000, 0x04800000, 0x06a40000)
  from space 4352K,   0% used [0x06a40000, 0x06a409f0, 0x06e80000)
  to   space 4352K,   0% used [0x06e80000, 0x06e80000, 0x072c0000)
 tenured generation   total 87424K, used 39708K [0x0f2a0000, 0x14800000, 0x24800000)
   the space 87424K,  45% used [0x0f2a0000, 0x11967108, 0x11967200, 0x14800000)
 Metaspace       used 19813K, capacity 20337K, committed 20608K, reserved 20864K
}
Event: 11331.452 GC heap before
{Heap before GC invocations=1812 (full 2):
 def new generation   total 39424K, used 35074K [0x04800000, 0x072c0000, 0x0f2a0000)
  eden space 35072K, 100% used [0x04800000, 0x06a40000, 0x06a40000)
  from space 4352K,   0% used [0x06a40000, 0x06a409f0, 0x06e80000)
  to   space 4352K,   0% used [0x06e80000, 0x06e80000, 0x072c0000)
 tenured generation   total 87424K, used 39708K [0x0f2a0000, 0x14800000, 0x24800000)
   the space 87424K,  45% used [0x0f2a0000, 0x11967108, 0x11967200, 0x14800000)
 Metaspace       used 19813K, capacity 20337K, committed 20608K, reserved 20864K
Event: 11331.453 GC heap after
Heap after GC invocations=1813 (full 2):
 def new generation   total 39424K, used 2K [0x04800000, 0x072c0000, 0x0f2a0000)
  eden space 35072K,   0% used [0x04800000, 0x04800000, 0x06a40000)
  from space 4352K,   0% used [0x06e80000, 0x06e80a28, 0x072c0000)
  to   space 4352K,   0% used [0x06a40000, 0x06a40000, 0x06e80000)
 tenured generation   total 87424K, used 39708K [0x0f2a0000, 0x14800000, 0x24800000)
   the space 87424K,  45% used [0x0f2a0000, 0x11967108, 0x11967200, 0x14800000)
 Metaspace       used 19813K, capacity 20337K, committed 20608K, reserved 20864K
}
Event: 13133.051 GC heap before
{Heap before GC invocations=1813 (full 2):
 def new generation   total 39424K, used 35074K [0x04800000, 0x072c0000, 0x0f2a0000)
  eden space 35072K, 100% used [0x04800000, 0x06a40000, 0x06a40000)
  from space 4352K,   0% used [0x06e80000, 0x06e80a28, 0x072c0000)
  to   space 4352K,   0% used [0x06a40000, 0x06a40000, 0x06e80000)
 tenured generation   total 87424K, used 39708K [0x0f2a0000, 0x14800000, 0x24800000)
   the space 87424K,  45% used [0x0f2a0000, 0x11967108, 0x11967200, 0x14800000)
 Metaspace       used 19813K, capacity 20337K, committed 20608K, reserved 20864K
Event: 13133.055 GC heap after
Heap after GC invocations=1814 (full 2):
 def new generation   total 39424K, used 10K [0x04800000, 0x072c0000, 0x0f2a0000)
  eden space 35072K,   0% used [0x04800000, 0x04800000, 0x06a40000)
  from space 4352K,   0% used [0x06a40000, 0x06a429b8, 0x06e80000)
  to   space 4352K,   0% used [0x06e80000, 0x06e80000, 0x072c0000)
 tenured generation   total 87424K, used 39708K [0x0f2a0000, 0x14800000, 0x24800000)
   the space 87424K,  45% used [0x0f2a0000, 0x11967108, 0x11967200, 0x14800000)
 Metaspace       used 19813K, capacity 20337K, committed 20608K, reserved 20864K
}

