# JRE version: Java(TM) SE Runtime Environment (8.0_171-b11) (build 1.8.0_171-b11)
# Java VM: Java HotSpot(TM) Client VM (25.171-b11 mixed mode windows-x86 )
Heap:
 def new generation   total 39424K, used 28712K [0x04e00000, 0x078c0000, 0x0f8a0000)
  eden space 35072K,  81% used [0x04e00000, 0x06a04658, 0x07040000)
  from space 4352K,   0% used [0x07040000, 0x07045a88, 0x07480000)
  to   space 4352K,   0% used [0x07480000, 0x07480000, 0x078c0000)
 tenured generation   total 87424K, used 56213K [0x0f8a0000, 0x14e00000, 0x24e00000)
   the space 87424K,  64% used [0x0f8a0000, 0x12f854c0, 0x12f85600, 0x14e00000)
 Metaspace       used 19814K, capacity 20369K, committed 20608K, reserved 20864K
GC Heap History (10 events):
Event: 7124.800 GC heap before
{Heap before GC invocations=859 (full 2):
 def new generation   total 39424K, used 35074K [0x04e00000, 0x078c0000, 0x0f8a0000)
  eden space 35072K, 100% used [0x04e00000, 0x07040000, 0x07040000)
  from space 4352K,   0% used [0x07480000, 0x074809d8, 0x078c0000)
  to   space 4352K,   0% used [0x07040000, 0x07040000, 0x07480000)
 tenured generation   total 87424K, used 56213K [0x0f8a0000, 0x14e00000, 0x24e00000)
   the space 87424K,  64% used [0x0f8a0000, 0x12f854c0, 0x12f85600, 0x14e00000)
 Metaspace       used 19801K, capacity 20369K, committed 20608K, reserved 20864K
Event: 7124.801 GC heap after
Heap after GC invocations=860 (full 2):
 def new generation   total 39424K, used 2K [0x04e00000, 0x078c0000, 0x0f8a0000)
  eden space 35072K,   0% used [0x04e00000, 0x04e00000, 0x07040000)
  from space 4352K,   0% used [0x07040000, 0x07040a18, 0x07480000)
  to   space 4352K,   0% used [0x07480000, 0x07480000, 0x078c0000)
 tenured generation   total 87424K, used 56213K [0x0f8a0000, 0x14e00000, 0x24e00000)
   the space 87424K,  64% used [0x0f8a0000, 0x12f854c0, 0x12f85600, 0x14e00000)
 Metaspace       used 19801K, capacity 20369K, committed 20608K, reserved 20864K
}
Event: 7129.956 GC heap before
{Heap before GC invocations=860 (full 2):
 def new generation   total 39424K, used 35074K [0x04e00000, 0x078c0000, 0x0f8a0000)
  eden space 35072K, 100% used [0x04e00000, 0x07040000, 0x07040000)
  from space 4352K,   0% used [0x07040000, 0x07040a18, 0x07480000)
  to   space 4352K,   0% used [0x07480000, 0x07480000, 0x078c0000)
 tenured generation   total 87424K, used 56213K [0x0f8a0000, 0x14e00000, 0x24e00000)
   the space 87424K,  64% used [0x0f8a0000, 0x12f854c0, 0x12f85600, 0x14e00000)
 Metaspace       used 19801K, capacity 20369K, committed 20608K, reserved 20864K
Event: 7129.958 GC heap after
Heap after GC invocations=861 (full 2):
 def new generation   total 39424K, used 2K [0x04e00000, 0x078c0000, 0x0f8a0000)
  eden space 35072K,   0% used [0x04e00000, 0x04e00000, 0x07040000)
  from space 4352K,   0% used [0x07480000, 0x07480a08, 0x078c0000)
  to   space 4352K,   0% used [0x07040000, 0x07040000, 0x07480000)
 tenured generation   total 87424K, used 56213K [0x0f8a0000, 0x14e00000, 0x24e00000)
   the space 87424K,  64% used [0x0f8a0000, 0x12f854c0, 0x12f85600, 0x14e00000)
 Metaspace       used 19801K, capacity 20369K, committed 20608K, reserved 20864K
}
Event: 7135.405 GC heap before
{Heap before GC invocations=861 (full 2):
 def new generation   total 39424K, used 35074K [0x04e00000, 0x078c0000, 0x0f8a0000)
  eden space 35072K, 100% used [0x04e00000, 0x07040000, 0x07040000)
  from space 4352K,   0% used [0x07480000, 0x07480a08, 0x078c0000)
  to   space 4352K,   0% used [0x07040000, 0x07040000, 0x07480000)
 tenured generation   total 87424K, used 56213K [0x0f8a0000, 0x14e00000, 0x24e00000)
   the space 87424K,  64% used [0x0f8a0000, 0x12f854c0, 0x12f85600, 0x14e00000)
 Metaspace       used 19801K, capacity 20369K, committed 20608K, reserved 20864K
Event: 7135.407 GC heap after
Heap after GC invocations=862 (full 2):
 def new generation   total 39424K, used 2K [0x04e00000, 0x078c0000, 0x0f8a0000)
  eden space 35072K,   0% used [0x04e00000, 0x04e00000, 0x07040000)
  from space 4352K,   0% used [0x07040000, 0x07040af0, 0x07480000)
  to   space 4352K,   0% used [0x07480000, 0x07480000, 0x078c0000)
 tenured generation   total 87424K, used 56213K [0x0f8a0000, 0x14e00000, 0x24e00000)
   the space 87424K,  64% used [0x0f8a0000, 0x12f854c0, 0x12f85600, 0x14e00000)
 Metaspace       used 19801K, capacity 20369K, committed 20608K, reserved 20864K
}
Event: 8940.931 GC heap before
{Heap before GC invocations=862 (full 2):
 def new generation   total 39424K, used 35074K [0x04e00000, 0x078c0000, 0x0f8a0000)
  eden space 35072K, 100% used [0x04e00000, 0x07040000, 0x07040000)
  from space 4352K,   0% used [0x07040000, 0x07040af0, 0x07480000)
  to   space 4352K,   0% used [0x07480000, 0x07480000, 0x078c0000)
 tenured generation   total 87424K, used 56213K [0x0f8a0000, 0x14e00000, 0x24e00000)
   the space 87424K,  64% used [0x0f8a0000, 0x12f854c0, 0x12f85600, 0x14e00000)
 Metaspace       used 19801K, capacity 20369K, committed 20608K, reserved 20864K
Event: 8940.932 GC heap after
Heap after GC invocations=863 (full 2):
 def new generation   total 39424K, used 3K [0x04e00000, 0x078c0000, 0x0f8a0000)
  eden space 35072K,   0% used [0x04e00000, 0x04e00000, 0x07040000)
  from space 4352K,   0% used [0x07480000, 0x07480ed8, 0x078c0000)
  to   space 4352K,   0% used [0x07040000, 0x07040000, 0x07480000)
 tenured generation   total 87424K, used 56213K [0x0f8a0000, 0x14e00000, 0x24e00000)
   the space 87424K,  64% used [0x0f8a0000, 0x12f854c0, 0x12f85600, 0x14e00000)
 Metaspace       used 19801K, capacity 20369K, committed 20608K, reserved 20864K
}
Event: 8945.263 GC heap before
{Heap before GC invocations=863 (full 2):
 def new generation   total 39424K, used 35075K [0x04e00000, 0x078c0000, 0x0f8a0000)
  eden space 35072K, 100% used [0x04e00000, 0x07040000, 0x07040000)
  from space 4352K,   0% used [0x07480000, 0x07480ed8, 0x078c0000)
  to   space 4352K,   0% used [0x07040000, 0x07040000, 0x07480000)
 tenured generation   total 87424K, used 56213K [0x0f8a0000, 0x14e00000, 0x24e00000)
   the space 87424K,  64% used [0x0f8a0000, 0x12f854c0, 0x12f85600, 0x14e00000)
 Metaspace       used 19814K, capacity 20369K, committed 20608K, reserved 20864K
Event: 8945.268 GC heap after
Heap after GC invocations=864 (full 2):
 def new generation   total 39424K, used 22K [0x04e00000, 0x078c0000, 0x0f8a0000)
  eden space 35072K,   0% used [0x04e00000, 0x04e00000, 0x07040000)
  from space 4352K,   0% used [0x07040000, 0x07045a88, 0x07480000)
  to   space 4352K,   0% used [0x07480000, 0x07480000, 0x078c0000)
 tenured generation   total 87424K, used 56213K [0x0f8a0000, 0x14e00000, 0x24e00000)
   the space 87424K,  64% used [0x0f8a0000, 0x12f854c0, 0x12f85600, 0x14e00000)
 Metaspace       used 19814K, capacity 20369K, committed 20608K, reserved 20864K
}

